2025-07-05 17:40:51 fix misconfiguration
2025-11-25 05:39:45 add logging
2025-03-18 00:22:10 improve security
2025-07-23 13:08:05 reformat code
2025-09-10 12:02:04 fix misconfiguration
2025-01-08 06:30:57 rebuild project
2025-01-19 23:54:28 restructure project
2025-03-29 03:54:12 fix typo in docs
2025-05-18 09:31:14 add integration tests
2025-09-25 10:27:56 improve security
2025-02-11 20:40:17 add TODOs
2025-08-21 03:14:05 better error handling
2025-09-10 06:31:03 enhance logging
2025-06-09 10:02:29 update feature
2025-05-02 15:09:56 update LICENSE
2025-11-15 05:36:42 hotfix applied
2025-04-26 00:23:33 add example file
2025-09-22 12:19:37 add TODOs
2025-07-23 03:49:39 update comments
2025-12-23 18:58:13 reorganize files
2025-01-29 08:18:40 update schema migration
2025-12-08 21:25:52 enhance logging
2025-12-17 22:16:22 update API endpoints
2025-01-12 22:12:06 fix CI errors
2025-03-31 01:01:24 update scripts
2025-11-16 14:58:22 update metadata
2025-05-02 06:52:57 refactor tests
2025-08-29 16:43:17 update feature
2025-02-26 05:07:39 fix null pointer
2025-08-26 12:32:13 security patch
2025-11-06 21:38:46 update configs for prod
2025-03-25 05:06:43 minor refactor
2025-02-12 22:02:01 add example file
2025-09-21 02:30:39 restructure modules
2025-08-01 10:34:02 add sample data
2025-05-21 08:28:42 add unit tests
2025-08-04 19:26:13 update metadata
2025-04-22 01:58:25 patch vulnerability
2025-06-08 13:18:05 update headers
2025-08-12 05:29:38 better error handling
2025-06-14 00:54:39 fix encoding issue
2025-02-20 03:30:25 simplify logic
2025-04-29 05:15:09 increase test coverage
2025-04-05 08:46:04 fix encoding issue
2025-04-10 22:59:00 add helper function
2025-05-16 18:38:46 reformat code
2025-04-22 12:54:40 clean project structure
2025-08-22 18:19:16 fix timezone issue
2025-09-02 10:07:38 update schema migration
2025-06-22 15:55:05 initial commit
2025-08-18 04:52:25 fix build error
2025-02-13 17:31:46 fix async issue
2025-10-21 08:50:38 enhance logging
2025-07-22 21:42:52 update build script
2025-05-17 20:25:27 add fallback
2025-04-28 19:01:37 hotfix applied
2025-11-28 13:47:01 hotfix applied
2025-04-30 23:55:52 fix crash issue
2025-01-02 11:17:45 fix typo in docs
2025-06-24 14:30:19 add comments
2025-12-14 17:30:01 update API keys
2025-08-07 07:12:12 enhance logging
2025-02-08 12:59:57 fix async issue
2025-11-28 08:00:49 update configs
2025-02-20 21:34:39 add example file
2025-09-12 05:19:45 improve maintainability
2025-07-28 02:26:05 update CI pipeline
2025-01-02 01:44:29 better error handling
2025-01-29 13:12:55 update schema migration
2025-06-29 14:30:41 enhance logging
2025-05-03 07:44:43 update constants
2025-01-13 14:36:47 hotfix applied
2025-01-16 22:32:22 update scripts
2025-04-04 20:55:02 add TODOs
2025-10-11 19:15:42 remove unused code
2025-12-27 01:51:44 add fallback
2025-03-14 12:22:53 update feature
2025-03-20 02:03:30 typo fix
2025-03-17 02:04:42 improve UX
2025-02-26 01:30:13 optimize function
2025-03-21 04:19:27 update API keys
2025-09-12 19:37:58 add TODOs
2025-01-09 19:12:43 better error handling
2025-07-01 16:15:46 fix build error
2025-02-19 13:07:59 update README
2025-02-13 19:53:32 patch memory leak
2025-12-24 01:24:58 reorganize files
2025-02-09 18:39:27 update schema migration
2025-11-26 01:50:59 hotfix applied
2025-10-13 13:14:16 better error handling
2025-02-28 21:00:22 add helper function
2025-11-19 01:00:50 update docs with examples
2025-03-11 22:42:09 UI improvements
2025-08-03 04:04:23 update configs
2025-10-06 11:37:47 adjust validation rules
2025-10-27 20:23:20 fix config bug
2025-07-27 04:20:14 experimental changes
2025-02-13 23:21:13 minor refactor
2025-08-26 16:04:11 add tests
2025-09-01 09:10:30 update schema migration
2025-05-04 14:06:59 improve caching
2025-05-15 11:35:25 fix null pointer
2025-10-24 12:35:44 rollback changes
2025-06-14 22:48:06 adjust validation rules
2025-09-11 12:48:53 enhance logging
2025-02-06 15:36:04 add tests
2025-11-30 02:11:58 adjust error messages
2025-06-01 21:28:43 reorganize files
2025-08-17 22:37:34 hotfix applied
2025-08-19 07:10:59 minor changes
2025-06-27 11:02:54 update schema migration
2025-04-28 09:19:54 fix broken link
2025-10-07 00:43:30 reformat code
2025-11-24 01:43:35 update configs
2025-03-31 05:46:33 add sample data
2025-09-13 02:18:48 add changelog
2025-09-21 09:42:51 reduce complexity
2025-02-22 11:48:52 improve maintainability
2025-05-13 21:46:11 improve maintainability
2025-07-27 15:34:02 security patch
2025-02-06 21:37:45 add example file
2025-04-05 03:24:48 add fallback
2025-02-11 11:43:02 update configs
2025-08-02 12:27:36 update API keys
2025-03-06 22:32:11 small refactor
2025-07-21 07:36:29 add integration tests
2025-06-19 02:46:30 rebuild project
2025-12-01 11:24:44 simplify logic
2025-03-22 10:56:49 fix warnings
2025-06-01 14:39:59 add sample data
2025-06-03 17:09:26 fix CI errors
2025-06-29 16:07:56 remove deprecated code
2025-04-07 22:28:39 experimental changes
2025-09-10 02:39:49 add comments
2025-10-12 05:24:46 small refactor
2025-05-22 13:01:50 stabilize build
2025-03-16 16:35:55 fix encoding issue
2025-05-27 20:03:10 fix warnings
2025-02-28 10:48:14 reorganize files
2025-02-09 19:28:47 add example file
2025-12-12 12:37:28 adjust error messages
2025-10-30 13:02:20 adjust error messages
2025-10-23 10:09:40 restructure project
2025-06-03 15:45:40 add unit tests
2025-07-09 16:00:46 reformat code
2025-08-03 13:03:23 reorganize files
2025-02-12 11:29:15 minor refactor
2025-03-27 05:44:16 tweak configs
2025-12-26 09:41:09 update schema migration
2025-10-18 12:36:27 patch memory leak
2025-02-23 08:06:49 patch vulnerability
2025-09-26 15:13:33 fix permission issue
2025-02-06 04:09:34 hotfix applied
2025-07-23 23:26:35 add integration tests
2025-12-17 12:20:29 adjust validation rules
2025-10-14 05:31:06 update database schema
2025-08-28 08:34:16 typo fix
2025-08-22 16:37:43 reduce complexity
2025-03-28 18:20:01 add example file
2025-09-04 22:41:35 update README
2025-10-12 21:24:26 update metadata
2025-09-18 21:15:38 update LICENSE
2025-05-20 02:28:12 fix warnings
2025-08-01 02:26:14 small refactor
2025-11-10 03:35:17 fix build error
2025-02-16 22:15:04 change configuration
2025-03-29 21:11:34 fix config bug
2025-03-22 07:31:21 add TODOs
2025-08-13 11:41:13 patch vulnerability
2025-05-22 02:38:51 fix null pointer
2025-05-13 04:11:20 patch memory leak
2025-10-22 22:17:32 update README
2025-10-03 16:09:05 minor changes
2025-12-13 16:54:36 temporary fix
2025-10-18 13:25:56 improve caching
2025-09-02 07:10:25 typo fix
2025-01-25 03:16:15 remove unused code
2025-06-04 17:10:04 rebuild project
2025-03-21 15:02:25 typo fix
2025-12-03 18:17:44 security patch
2025-11-01 10:02:13 update gitignore
2025-01-30 09:15:54 restructure project
2025-11-12 15:35:04 refactor tests
2025-08-01 11:52:33 update constants
2025-02-17 19:49:43 adjust error messages
2025-09-29 14:45:28 update README
2025-10-01 09:14:08 update roadmap
2025-04-07 17:05:10 improve performance
2025-12-01 07:18:17 update schema migration
2025-08-02 17:13:58 update configs
2025-03-10 05:25:37 improve performance
2025-10-23 12:46:10 reduce complexity
2025-07-31 10:51:53 fix null pointer
2025-02-02 03:20:59 adjust timeout
2025-08-23 10:30:40 hotfix applied
2025-11-19 00:58:15 fix warnings
2025-12-03 23:40:41 simplify logic
2025-07-26 03:38:13 update configs
2025-01-29 22:13:29 reformat code
2025-05-08 19:27:07 update version
2025-02-16 04:58:25 reorganize files
2025-05-23 10:40:12 fix config bug
2025-12-16 23:18:14 update database schema
2025-09-16 01:03:32 update configs for prod
2025-05-13 10:01:41 enhance logging
2025-05-01 15:28:59 stabilize build
2025-12-21 02:58:47 update API endpoints
2025-02-11 01:33:46 fix crash issue
2025-03-03 05:04:44 fix type error
2025-09-30 11:26:32 enhance logging
2025-06-09 16:53:36 fix typo in code
2025-12-29 15:49:22 cleanup code
2025-06-14 23:33:08 add integration tests
2025-05-25 03:53:36 stabilize build
2025-12-03 04:31:18 fix type error
2025-10-20 18:57:15 restructure project
2025-03-19 06:03:41 update gitignore
2025-10-06 01:37:32 fix crash issue
